Сборка начата 01.12.2016 7:14:33.
     1>Проект "D:\Documents\sem5\setki\heat_conduction_1d_oop\heat_conduction_1d_oop\heat_conduction_1d_oop.vcxproj" в узле 2 (целевые объекты Build).
     1>InitializeBuildStatus:
         Создание "Debug\heat_con.9E33827C.tlog\unsuccessfulbuild", так как было задано "AlwaysCreate".
       MessageBuildingWithCompiler:
         Building with Intel(R) C++ Compiler 17.0
       ClCompile:
         ***** ClCompile (Win32 - Intel C++)
         D:\Program Files (x86)\IntelSWTools\compilers_and_libraries_2017\windows\bin\intel64\icl.exe /c /Qm32 /ZI /nologo /W3 /Od /D __INTEL_COMPILER=1700 /D WIN32 /D _DEBUG /D _CONSOLE /D _UNICODE /D UNICODE /EHsc /RTC1 /MDd /GS /Zc:wchar_t /Zc:forScope /Fo"Debug\\" /Fd"Debug\vc140.pdb" /Gd /TP HeatEquation.cpp MatrixDiag.cpp main.cpp
         HeatEquation.cpp
         MatrixDiag.cpp
         main.cpp
       Link:
         D:\Program Files (x86)\IntelSWTools\compilers_and_libraries_2017\windows\bin\intel64\xilink.exe -qm32 /OUT:"D:\Documents\sem5\setki\heat_conduction_1d_oop\heat_conduction_1d_oop\Debug\heat_conduction_1d_oop.exe" /INCREMENTAL /NOLOGO kernel32.lib user32.lib gdi32.lib winspool.lib comdlg32.lib advapi32.lib shell32.lib ole32.lib oleaut32.lib uuid.lib odbc32.lib odbccp32.lib /MANIFEST /manifest:embed /MANIFESTUAC:"level='asInvoker' uiAccess='false'" /DEBUG /PDB:"D:\Documents\sem5\setki\heat_conduction_1d_oop\heat_conduction_1d_oop\Debug\heat_conduction_1d_oop.pdb" /SUBSYSTEM:CONSOLE /TLBID:1 /DYNAMICBASE /NXCOMPAT /IMPLIB:"D:\Documents\sem5\setki\heat_conduction_1d_oop\heat_conduction_1d_oop\Debug\heat_conduction_1d_oop.lib" /MACHINE:X86 Debug\HeatEquation.obj
         Debug\main.obj
         Debug\MatrixDiag.obj
       FinalizeBuildStatus:
         Файл "Debug\heat_con.9E33827C.tlog\unsuccessfulbuild" удаляется.
         Обращение к "Debug\heat_con.9E33827C.tlog\heat_conduction_1d_oop.lastbuildstate".
     1>Сборка проекта "D:\Documents\sem5\setki\heat_conduction_1d_oop\heat_conduction_1d_oop\heat_conduction_1d_oop.vcxproj" завершена (целевые объекты Build).

Сборка успешно завершена.

Затраченное время: 00:00:03.54
