c:\users\kseniya\appdata\locallow\microsoft\cryptneturlcache\metadata\991f383f0ad298067b7400baff5d2af4_a15a6682dc15e6b353a18bdfc18cdadc
c:\users\kseniya\appdata\local\temp\irmagent.log
d:\documents\sem5\setki\heat_conduction_1d_oop\heat_conduction_1d_oop\debug\heat_con.9e33827c.tlog\icl-intelremotemonserver-intelremotemonagent-intelremotemonagent2.read.1.tlog
c:\users\kseniya\appdata\local\microsoft\clr_v2.0\usagelogs\intelremotemonagent2.exe.log
c:\users\kseniya\appdata\locallow\microsoft\cryptneturlcache\content\991f383f0ad298067b7400baff5d2af4_a15a6682dc15e6b353a18bdfc18cdadc
d:\documents\sem5\setki\heat_conduction_1d_oop\heat_conduction_1d_oop\debug\heatequation.obj
d:\documents\sem5\setki\heat_conduction_1d_oop\heat_conduction_1d_oop\debug\main.obj
d:\documents\sem5\setki\heat_conduction_1d_oop\heat_conduction_1d_oop\debug\matrixdiag.obj
d:\documents\sem5\setki\heat_conduction_1d_oop\heat_conduction_1d_oop\debug\vc140.pdb
c:\users\kseniya\appdata\local\temp\lnk{25676b46-7e77-4011-8a38-517aab07f285}.tmp
c:\users\kseniya\appdata\local\temp\lnk{dc2beadf-5675-4ab8-9b38-7a40df58cbb7}.tmp
c:\users\kseniya\appdata\local\temp\lnk{f7c39bdd-62fa-4fed-a656-0bf0cea7a3e3}.tmp
d:\documents\sem5\setki\heat_conduction_1d_oop\heat_conduction_1d_oop\debug\heat_conduction_1d_oop.ilk
d:\documents\sem5\setki\heat_conduction_1d_oop\heat_conduction_1d_oop\debug\heat_conduction_1d_oop.exe
d:\documents\sem5\setki\heat_conduction_1d_oop\heat_conduction_1d_oop\debug\heat_conduction_1d_oop.pdb
d:\documents\sem5\setki\heat_conduction_1d_oop\heat_conduction_1d_oop\debug\heat_con.9e33827c.tlog\icl-intelremotemonserver-intelremotemonagent-intelremotemonagent2.read.8.tlog
d:\documents\sem5\setki\heat_conduction_1d_oop\heat_conduction_1d_oop\debug\heat_con.9e33827c.tlog\icl-intelremotemonserver-intelremotemonagent-intelremotemonagent2.read.9.tlog
d:\documents\sem5\setki\heat_conduction_1d_oop\heat_conduction_1d_oop\debug\heat_con.9e33827c.tlog\icl-intelremotemonserver-intelremotemonagent-intelremotemonagent2.write.1.tlog
d:\documents\sem5\setki\heat_conduction_1d_oop\heat_conduction_1d_oop\debug\heat_con.9e33827c.tlog\icl-intelremotemonserver-intelremotemonagent-intelremotemonagent2.write.8.tlog
d:\documents\sem5\setki\heat_conduction_1d_oop\heat_conduction_1d_oop\debug\heat_con.9e33827c.tlog\icl-intelremotemonserver-intelremotemonagent.read.1.tlog
d:\documents\sem5\setki\heat_conduction_1d_oop\heat_conduction_1d_oop\debug\heat_con.9e33827c.tlog\icl-intelremotemonserver-intelremotemonagent.read.2.tlog
d:\documents\sem5\setki\heat_conduction_1d_oop\heat_conduction_1d_oop\debug\heat_con.9e33827c.tlog\icl-intelremotemonserver.read.1.tlog
d:\documents\sem5\setki\heat_conduction_1d_oop\heat_conduction_1d_oop\debug\heat_con.9e33827c.tlog\icl-intelremotemonserver.read.11.tlog
d:\documents\sem5\setki\heat_conduction_1d_oop\heat_conduction_1d_oop\debug\heat_con.9e33827c.tlog\icl-intelremotemonserver.read.2.tlog
d:\documents\sem5\setki\heat_conduction_1d_oop\heat_conduction_1d_oop\debug\heat_con.9e33827c.tlog\icl-intelremotemonserver.read.4.tlog
d:\documents\sem5\setki\heat_conduction_1d_oop\heat_conduction_1d_oop\debug\heat_con.9e33827c.tlog\icl-intelremotemonserver.read.6.tlog
d:\documents\sem5\setki\heat_conduction_1d_oop\heat_conduction_1d_oop\debug\heat_con.9e33827c.tlog\icl-intelremotemonserver.read.7.tlog
d:\documents\sem5\setki\heat_conduction_1d_oop\heat_conduction_1d_oop\debug\heat_con.9e33827c.tlog\icl-intelremotemonserver.read.8.tlog
d:\documents\sem5\setki\heat_conduction_1d_oop\heat_conduction_1d_oop\debug\heat_con.9e33827c.tlog\icl-intelremotemonserver.write.2.tlog
d:\documents\sem5\setki\heat_conduction_1d_oop\heat_conduction_1d_oop\debug\heat_con.9e33827c.tlog\icl-mcpcom.10076.read.1.tlog
d:\documents\sem5\setki\heat_conduction_1d_oop\heat_conduction_1d_oop\debug\heat_con.9e33827c.tlog\icl-mcpcom.10076.write.1.tlog
d:\documents\sem5\setki\heat_conduction_1d_oop\heat_conduction_1d_oop\debug\heat_con.9e33827c.tlog\icl-mcpcom.10388.read.1.tlog
d:\documents\sem5\setki\heat_conduction_1d_oop\heat_conduction_1d_oop\debug\heat_con.9e33827c.tlog\icl-mcpcom.10388.write.1.tlog
d:\documents\sem5\setki\heat_conduction_1d_oop\heat_conduction_1d_oop\debug\heat_con.9e33827c.tlog\icl-mcpcom.10796.read.1.tlog
d:\documents\sem5\setki\heat_conduction_1d_oop\heat_conduction_1d_oop\debug\heat_con.9e33827c.tlog\icl-mcpcom.10796.write.1.tlog
d:\documents\sem5\setki\heat_conduction_1d_oop\heat_conduction_1d_oop\debug\heat_con.9e33827c.tlog\icl-mcpcom.11004.read.1.tlog
d:\documents\sem5\setki\heat_conduction_1d_oop\heat_conduction_1d_oop\debug\heat_con.9e33827c.tlog\icl-mcpcom.11004.write.1.tlog
d:\documents\sem5\setki\heat_conduction_1d_oop\heat_conduction_1d_oop\debug\heat_con.9e33827c.tlog\icl-mcpcom.11108.read.1.tlog
d:\documents\sem5\setki\heat_conduction_1d_oop\heat_conduction_1d_oop\debug\heat_con.9e33827c.tlog\icl-mcpcom.11108.write.1.tlog
d:\documents\sem5\setki\heat_conduction_1d_oop\heat_conduction_1d_oop\debug\heat_con.9e33827c.tlog\icl-mcpcom.11188.read.1.tlog
d:\documents\sem5\setki\heat_conduction_1d_oop\heat_conduction_1d_oop\debug\heat_con.9e33827c.tlog\icl-mcpcom.11188.write.1.tlog
d:\documents\sem5\setki\heat_conduction_1d_oop\heat_conduction_1d_oop\debug\heat_con.9e33827c.tlog\icl-mcpcom.12940.read.1.tlog
d:\documents\sem5\setki\heat_conduction_1d_oop\heat_conduction_1d_oop\debug\heat_con.9e33827c.tlog\icl-mcpcom.12940.write.1.tlog
d:\documents\sem5\setki\heat_conduction_1d_oop\heat_conduction_1d_oop\debug\heat_con.9e33827c.tlog\icl-mcpcom.13144.read.1.tlog
d:\documents\sem5\setki\heat_conduction_1d_oop\heat_conduction_1d_oop\debug\heat_con.9e33827c.tlog\icl-mcpcom.13144.write.1.tlog
d:\documents\sem5\setki\heat_conduction_1d_oop\heat_conduction_1d_oop\debug\heat_con.9e33827c.tlog\icl-mcpcom.172.read.1.tlog
d:\documents\sem5\setki\heat_conduction_1d_oop\heat_conduction_1d_oop\debug\heat_con.9e33827c.tlog\icl-mcpcom.172.write.1.tlog
d:\documents\sem5\setki\heat_conduction_1d_oop\heat_conduction_1d_oop\debug\heat_con.9e33827c.tlog\icl-mcpcom.3148.read.1.tlog
d:\documents\sem5\setki\heat_conduction_1d_oop\heat_conduction_1d_oop\debug\heat_con.9e33827c.tlog\icl-mcpcom.3148.write.1.tlog
d:\documents\sem5\setki\heat_conduction_1d_oop\heat_conduction_1d_oop\debug\heat_con.9e33827c.tlog\icl-mcpcom.4508.read.1.tlog
d:\documents\sem5\setki\heat_conduction_1d_oop\heat_conduction_1d_oop\debug\heat_con.9e33827c.tlog\icl-mcpcom.4508.write.1.tlog
d:\documents\sem5\setki\heat_conduction_1d_oop\heat_conduction_1d_oop\debug\heat_con.9e33827c.tlog\icl-mcpcom.5988.read.1.tlog
d:\documents\sem5\setki\heat_conduction_1d_oop\heat_conduction_1d_oop\debug\heat_con.9e33827c.tlog\icl-mcpcom.5988.write.1.tlog
d:\documents\sem5\setki\heat_conduction_1d_oop\heat_conduction_1d_oop\debug\heat_con.9e33827c.tlog\icl-mcpcom.6780.read.1.tlog
d:\documents\sem5\setki\heat_conduction_1d_oop\heat_conduction_1d_oop\debug\heat_con.9e33827c.tlog\icl-mcpcom.6780.write.1.tlog
d:\documents\sem5\setki\heat_conduction_1d_oop\heat_conduction_1d_oop\debug\heat_con.9e33827c.tlog\icl-mcpcom.7940.read.1.tlog
d:\documents\sem5\setki\heat_conduction_1d_oop\heat_conduction_1d_oop\debug\heat_con.9e33827c.tlog\icl-mcpcom.7940.write.1.tlog
d:\documents\sem5\setki\heat_conduction_1d_oop\heat_conduction_1d_oop\debug\heat_con.9e33827c.tlog\icl-mcpcom.8092.read.1.tlog
d:\documents\sem5\setki\heat_conduction_1d_oop\heat_conduction_1d_oop\debug\heat_con.9e33827c.tlog\icl-mcpcom.8092.write.1.tlog
d:\documents\sem5\setki\heat_conduction_1d_oop\heat_conduction_1d_oop\debug\heat_con.9e33827c.tlog\icl-mcpcom.8664.read.1.tlog
d:\documents\sem5\setki\heat_conduction_1d_oop\heat_conduction_1d_oop\debug\heat_con.9e33827c.tlog\icl-mcpcom.8664.write.1.tlog
d:\documents\sem5\setki\heat_conduction_1d_oop\heat_conduction_1d_oop\debug\heat_con.9e33827c.tlog\icl-mcpcom.8776.read.1.tlog
d:\documents\sem5\setki\heat_conduction_1d_oop\heat_conduction_1d_oop\debug\heat_con.9e33827c.tlog\icl-mcpcom.8776.write.1.tlog
d:\documents\sem5\setki\heat_conduction_1d_oop\heat_conduction_1d_oop\debug\heat_con.9e33827c.tlog\icl-mcpcom.8956.read.1.tlog
d:\documents\sem5\setki\heat_conduction_1d_oop\heat_conduction_1d_oop\debug\heat_con.9e33827c.tlog\icl-mcpcom.8956.write.1.tlog
d:\documents\sem5\setki\heat_conduction_1d_oop\heat_conduction_1d_oop\debug\heat_con.9e33827c.tlog\icl-mcpcom.9028.read.1.tlog
d:\documents\sem5\setki\heat_conduction_1d_oop\heat_conduction_1d_oop\debug\heat_con.9e33827c.tlog\icl-mcpcom.9028.write.1.tlog
d:\documents\sem5\setki\heat_conduction_1d_oop\heat_conduction_1d_oop\debug\heat_con.9e33827c.tlog\icl-mcpcom.read.1.tlog
d:\documents\sem5\setki\heat_conduction_1d_oop\heat_conduction_1d_oop\debug\heat_con.9e33827c.tlog\icl-mcpcom.write.1.tlog
d:\documents\sem5\setki\heat_conduction_1d_oop\heat_conduction_1d_oop\debug\heat_con.9e33827c.tlog\icl-mcpcom.write.2.tlog
d:\documents\sem5\setki\heat_conduction_1d_oop\heat_conduction_1d_oop\debug\heat_con.9e33827c.tlog\icl.command.1.tlog
d:\documents\sem5\setki\heat_conduction_1d_oop\heat_conduction_1d_oop\debug\heat_con.9e33827c.tlog\icl.read.1.tlog
d:\documents\sem5\setki\heat_conduction_1d_oop\heat_conduction_1d_oop\debug\heat_con.9e33827c.tlog\icl.write.1.tlog
d:\documents\sem5\setki\heat_conduction_1d_oop\heat_conduction_1d_oop\debug\heat_con.9e33827c.tlog\xilink-link-cvtres.read.1.tlog
d:\documents\sem5\setki\heat_conduction_1d_oop\heat_conduction_1d_oop\debug\heat_con.9e33827c.tlog\xilink-link-cvtres.write.1.tlog
d:\documents\sem5\setki\heat_conduction_1d_oop\heat_conduction_1d_oop\debug\heat_con.9e33827c.tlog\xilink-link-rc.read.1.tlog
d:\documents\sem5\setki\heat_conduction_1d_oop\heat_conduction_1d_oop\debug\heat_con.9e33827c.tlog\xilink-link-rc.write.1.tlog
d:\documents\sem5\setki\heat_conduction_1d_oop\heat_conduction_1d_oop\debug\heat_con.9e33827c.tlog\xilink-link.10540-cvtres.read.1.tlog
d:\documents\sem5\setki\heat_conduction_1d_oop\heat_conduction_1d_oop\debug\heat_con.9e33827c.tlog\xilink-link.10540-cvtres.write.1.tlog
d:\documents\sem5\setki\heat_conduction_1d_oop\heat_conduction_1d_oop\debug\heat_con.9e33827c.tlog\xilink-link.10540-rc.read.1.tlog
d:\documents\sem5\setki\heat_conduction_1d_oop\heat_conduction_1d_oop\debug\heat_con.9e33827c.tlog\xilink-link.10540-rc.write.1.tlog
d:\documents\sem5\setki\heat_conduction_1d_oop\heat_conduction_1d_oop\debug\heat_con.9e33827c.tlog\xilink-link.10540.read.1.tlog
d:\documents\sem5\setki\heat_conduction_1d_oop\heat_conduction_1d_oop\debug\heat_con.9e33827c.tlog\xilink-link.10540.read.2.tlog
d:\documents\sem5\setki\heat_conduction_1d_oop\heat_conduction_1d_oop\debug\heat_con.9e33827c.tlog\xilink-link.10540.write.1.tlog
d:\documents\sem5\setki\heat_conduction_1d_oop\heat_conduction_1d_oop\debug\heat_con.9e33827c.tlog\xilink-link.11356-cvtres.read.1.tlog
d:\documents\sem5\setki\heat_conduction_1d_oop\heat_conduction_1d_oop\debug\heat_con.9e33827c.tlog\xilink-link.11356-cvtres.write.1.tlog
d:\documents\sem5\setki\heat_conduction_1d_oop\heat_conduction_1d_oop\debug\heat_con.9e33827c.tlog\xilink-link.11356-rc.read.1.tlog
d:\documents\sem5\setki\heat_conduction_1d_oop\heat_conduction_1d_oop\debug\heat_con.9e33827c.tlog\xilink-link.11356-rc.write.1.tlog
d:\documents\sem5\setki\heat_conduction_1d_oop\heat_conduction_1d_oop\debug\heat_con.9e33827c.tlog\xilink-link.11356.read.1.tlog
d:\documents\sem5\setki\heat_conduction_1d_oop\heat_conduction_1d_oop\debug\heat_con.9e33827c.tlog\xilink-link.11356.read.2.tlog
d:\documents\sem5\setki\heat_conduction_1d_oop\heat_conduction_1d_oop\debug\heat_con.9e33827c.tlog\xilink-link.11356.write.1.tlog
d:\documents\sem5\setki\heat_conduction_1d_oop\heat_conduction_1d_oop\debug\heat_con.9e33827c.tlog\xilink-link.11748-cvtres.read.1.tlog
d:\documents\sem5\setki\heat_conduction_1d_oop\heat_conduction_1d_oop\debug\heat_con.9e33827c.tlog\xilink-link.11748-cvtres.write.1.tlog
d:\documents\sem5\setki\heat_conduction_1d_oop\heat_conduction_1d_oop\debug\heat_con.9e33827c.tlog\xilink-link.11748-rc.read.1.tlog
d:\documents\sem5\setki\heat_conduction_1d_oop\heat_conduction_1d_oop\debug\heat_con.9e33827c.tlog\xilink-link.11748-rc.write.1.tlog
d:\documents\sem5\setki\heat_conduction_1d_oop\heat_conduction_1d_oop\debug\heat_con.9e33827c.tlog\xilink-link.11748.read.1.tlog
d:\documents\sem5\setki\heat_conduction_1d_oop\heat_conduction_1d_oop\debug\heat_con.9e33827c.tlog\xilink-link.11748.read.2.tlog
d:\documents\sem5\setki\heat_conduction_1d_oop\heat_conduction_1d_oop\debug\heat_con.9e33827c.tlog\xilink-link.11748.write.1.tlog
d:\documents\sem5\setki\heat_conduction_1d_oop\heat_conduction_1d_oop\debug\heat_con.9e33827c.tlog\xilink-link.12552-cvtres.read.1.tlog
d:\documents\sem5\setki\heat_conduction_1d_oop\heat_conduction_1d_oop\debug\heat_con.9e33827c.tlog\xilink-link.12552-cvtres.write.1.tlog
d:\documents\sem5\setki\heat_conduction_1d_oop\heat_conduction_1d_oop\debug\heat_con.9e33827c.tlog\xilink-link.12552-rc.read.1.tlog
d:\documents\sem5\setki\heat_conduction_1d_oop\heat_conduction_1d_oop\debug\heat_con.9e33827c.tlog\xilink-link.12552-rc.write.1.tlog
d:\documents\sem5\setki\heat_conduction_1d_oop\heat_conduction_1d_oop\debug\heat_con.9e33827c.tlog\xilink-link.12552.read.1.tlog
d:\documents\sem5\setki\heat_conduction_1d_oop\heat_conduction_1d_oop\debug\heat_con.9e33827c.tlog\xilink-link.12552.read.2.tlog
d:\documents\sem5\setki\heat_conduction_1d_oop\heat_conduction_1d_oop\debug\heat_con.9e33827c.tlog\xilink-link.12552.write.1.tlog
d:\documents\sem5\setki\heat_conduction_1d_oop\heat_conduction_1d_oop\debug\heat_con.9e33827c.tlog\xilink-link.12740-cvtres.read.1.tlog
d:\documents\sem5\setki\heat_conduction_1d_oop\heat_conduction_1d_oop\debug\heat_con.9e33827c.tlog\xilink-link.12740-cvtres.write.1.tlog
d:\documents\sem5\setki\heat_conduction_1d_oop\heat_conduction_1d_oop\debug\heat_con.9e33827c.tlog\xilink-link.12740-rc.read.1.tlog
d:\documents\sem5\setki\heat_conduction_1d_oop\heat_conduction_1d_oop\debug\heat_con.9e33827c.tlog\xilink-link.12740-rc.write.1.tlog
d:\documents\sem5\setki\heat_conduction_1d_oop\heat_conduction_1d_oop\debug\heat_con.9e33827c.tlog\xilink-link.12740.read.1.tlog
d:\documents\sem5\setki\heat_conduction_1d_oop\heat_conduction_1d_oop\debug\heat_con.9e33827c.tlog\xilink-link.12740.read.2.tlog
d:\documents\sem5\setki\heat_conduction_1d_oop\heat_conduction_1d_oop\debug\heat_con.9e33827c.tlog\xilink-link.12740.write.1.tlog
d:\documents\sem5\setki\heat_conduction_1d_oop\heat_conduction_1d_oop\debug\heat_con.9e33827c.tlog\xilink-link.12804-cvtres.read.1.tlog
d:\documents\sem5\setki\heat_conduction_1d_oop\heat_conduction_1d_oop\debug\heat_con.9e33827c.tlog\xilink-link.12804-cvtres.write.1.tlog
d:\documents\sem5\setki\heat_conduction_1d_oop\heat_conduction_1d_oop\debug\heat_con.9e33827c.tlog\xilink-link.12804-rc.read.1.tlog
d:\documents\sem5\setki\heat_conduction_1d_oop\heat_conduction_1d_oop\debug\heat_con.9e33827c.tlog\xilink-link.12804-rc.write.1.tlog
d:\documents\sem5\setki\heat_conduction_1d_oop\heat_conduction_1d_oop\debug\heat_con.9e33827c.tlog\xilink-link.12804.read.1.tlog
d:\documents\sem5\setki\heat_conduction_1d_oop\heat_conduction_1d_oop\debug\heat_con.9e33827c.tlog\xilink-link.12804.read.2.tlog
d:\documents\sem5\setki\heat_conduction_1d_oop\heat_conduction_1d_oop\debug\heat_con.9e33827c.tlog\xilink-link.12804.write.1.tlog
d:\documents\sem5\setki\heat_conduction_1d_oop\heat_conduction_1d_oop\debug\heat_con.9e33827c.tlog\xilink-link.1828-cvtres.read.1.tlog
d:\documents\sem5\setki\heat_conduction_1d_oop\heat_conduction_1d_oop\debug\heat_con.9e33827c.tlog\xilink-link.1828-cvtres.write.1.tlog
d:\documents\sem5\setki\heat_conduction_1d_oop\heat_conduction_1d_oop\debug\heat_con.9e33827c.tlog\xilink-link.1828-rc.read.1.tlog
d:\documents\sem5\setki\heat_conduction_1d_oop\heat_conduction_1d_oop\debug\heat_con.9e33827c.tlog\xilink-link.1828-rc.write.1.tlog
d:\documents\sem5\setki\heat_conduction_1d_oop\heat_conduction_1d_oop\debug\heat_con.9e33827c.tlog\xilink-link.1828.read.1.tlog
d:\documents\sem5\setki\heat_conduction_1d_oop\heat_conduction_1d_oop\debug\heat_con.9e33827c.tlog\xilink-link.1828.read.2.tlog
d:\documents\sem5\setki\heat_conduction_1d_oop\heat_conduction_1d_oop\debug\heat_con.9e33827c.tlog\xilink-link.1828.write.1.tlog
d:\documents\sem5\setki\heat_conduction_1d_oop\heat_conduction_1d_oop\debug\heat_con.9e33827c.tlog\xilink-link.3848-cvtres.read.1.tlog
d:\documents\sem5\setki\heat_conduction_1d_oop\heat_conduction_1d_oop\debug\heat_con.9e33827c.tlog\xilink-link.3848-cvtres.write.1.tlog
d:\documents\sem5\setki\heat_conduction_1d_oop\heat_conduction_1d_oop\debug\heat_con.9e33827c.tlog\xilink-link.3848-rc.read.1.tlog
d:\documents\sem5\setki\heat_conduction_1d_oop\heat_conduction_1d_oop\debug\heat_con.9e33827c.tlog\xilink-link.3848-rc.write.1.tlog
d:\documents\sem5\setki\heat_conduction_1d_oop\heat_conduction_1d_oop\debug\heat_con.9e33827c.tlog\xilink-link.3848.read.1.tlog
d:\documents\sem5\setki\heat_conduction_1d_oop\heat_conduction_1d_oop\debug\heat_con.9e33827c.tlog\xilink-link.3848.read.2.tlog
d:\documents\sem5\setki\heat_conduction_1d_oop\heat_conduction_1d_oop\debug\heat_con.9e33827c.tlog\xilink-link.3848.write.1.tlog
d:\documents\sem5\setki\heat_conduction_1d_oop\heat_conduction_1d_oop\debug\heat_con.9e33827c.tlog\xilink-link.4328-cvtres.read.1.tlog
d:\documents\sem5\setki\heat_conduction_1d_oop\heat_conduction_1d_oop\debug\heat_con.9e33827c.tlog\xilink-link.4328-cvtres.write.1.tlog
d:\documents\sem5\setki\heat_conduction_1d_oop\heat_conduction_1d_oop\debug\heat_con.9e33827c.tlog\xilink-link.4328-rc.read.1.tlog
d:\documents\sem5\setki\heat_conduction_1d_oop\heat_conduction_1d_oop\debug\heat_con.9e33827c.tlog\xilink-link.4328-rc.write.1.tlog
d:\documents\sem5\setki\heat_conduction_1d_oop\heat_conduction_1d_oop\debug\heat_con.9e33827c.tlog\xilink-link.4328.read.1.tlog
d:\documents\sem5\setki\heat_conduction_1d_oop\heat_conduction_1d_oop\debug\heat_con.9e33827c.tlog\xilink-link.4328.read.2.tlog
d:\documents\sem5\setki\heat_conduction_1d_oop\heat_conduction_1d_oop\debug\heat_con.9e33827c.tlog\xilink-link.4328.write.1.tlog
d:\documents\sem5\setki\heat_conduction_1d_oop\heat_conduction_1d_oop\debug\heat_con.9e33827c.tlog\xilink-link.5252-cvtres.read.1.tlog
d:\documents\sem5\setki\heat_conduction_1d_oop\heat_conduction_1d_oop\debug\heat_con.9e33827c.tlog\xilink-link.5252-cvtres.write.1.tlog
d:\documents\sem5\setki\heat_conduction_1d_oop\heat_conduction_1d_oop\debug\heat_con.9e33827c.tlog\xilink-link.5252-rc.read.1.tlog
d:\documents\sem5\setki\heat_conduction_1d_oop\heat_conduction_1d_oop\debug\heat_con.9e33827c.tlog\xilink-link.5252-rc.write.1.tlog
d:\documents\sem5\setki\heat_conduction_1d_oop\heat_conduction_1d_oop\debug\heat_con.9e33827c.tlog\xilink-link.5252.read.1.tlog
d:\documents\sem5\setki\heat_conduction_1d_oop\heat_conduction_1d_oop\debug\heat_con.9e33827c.tlog\xilink-link.5252.read.2.tlog
d:\documents\sem5\setki\heat_conduction_1d_oop\heat_conduction_1d_oop\debug\heat_con.9e33827c.tlog\xilink-link.5252.write.1.tlog
d:\documents\sem5\setki\heat_conduction_1d_oop\heat_conduction_1d_oop\debug\heat_con.9e33827c.tlog\xilink-link.8876-cvtres.read.1.tlog
d:\documents\sem5\setki\heat_conduction_1d_oop\heat_conduction_1d_oop\debug\heat_con.9e33827c.tlog\xilink-link.8876-cvtres.write.1.tlog
d:\documents\sem5\setki\heat_conduction_1d_oop\heat_conduction_1d_oop\debug\heat_con.9e33827c.tlog\xilink-link.8876-rc.read.1.tlog
d:\documents\sem5\setki\heat_conduction_1d_oop\heat_conduction_1d_oop\debug\heat_con.9e33827c.tlog\xilink-link.8876-rc.write.1.tlog
d:\documents\sem5\setki\heat_conduction_1d_oop\heat_conduction_1d_oop\debug\heat_con.9e33827c.tlog\xilink-link.8876.read.1.tlog
d:\documents\sem5\setki\heat_conduction_1d_oop\heat_conduction_1d_oop\debug\heat_con.9e33827c.tlog\xilink-link.8876.read.2.tlog
d:\documents\sem5\setki\heat_conduction_1d_oop\heat_conduction_1d_oop\debug\heat_con.9e33827c.tlog\xilink-link.8876.write.1.tlog
d:\documents\sem5\setki\heat_conduction_1d_oop\heat_conduction_1d_oop\debug\heat_con.9e33827c.tlog\xilink-link.9516-cvtres.read.1.tlog
d:\documents\sem5\setki\heat_conduction_1d_oop\heat_conduction_1d_oop\debug\heat_con.9e33827c.tlog\xilink-link.9516-cvtres.write.1.tlog
d:\documents\sem5\setki\heat_conduction_1d_oop\heat_conduction_1d_oop\debug\heat_con.9e33827c.tlog\xilink-link.9516-rc.read.1.tlog
d:\documents\sem5\setki\heat_conduction_1d_oop\heat_conduction_1d_oop\debug\heat_con.9e33827c.tlog\xilink-link.9516-rc.write.1.tlog
d:\documents\sem5\setki\heat_conduction_1d_oop\heat_conduction_1d_oop\debug\heat_con.9e33827c.tlog\xilink-link.9516.read.1.tlog
d:\documents\sem5\setki\heat_conduction_1d_oop\heat_conduction_1d_oop\debug\heat_con.9e33827c.tlog\xilink-link.9516.read.2.tlog
d:\documents\sem5\setki\heat_conduction_1d_oop\heat_conduction_1d_oop\debug\heat_con.9e33827c.tlog\xilink-link.9516.write.1.tlog
d:\documents\sem5\setki\heat_conduction_1d_oop\heat_conduction_1d_oop\debug\heat_con.9e33827c.tlog\xilink-link.9568-cvtres.read.1.tlog
d:\documents\sem5\setki\heat_conduction_1d_oop\heat_conduction_1d_oop\debug\heat_con.9e33827c.tlog\xilink-link.9568-cvtres.write.1.tlog
d:\documents\sem5\setki\heat_conduction_1d_oop\heat_conduction_1d_oop\debug\heat_con.9e33827c.tlog\xilink-link.9568-rc.read.1.tlog
d:\documents\sem5\setki\heat_conduction_1d_oop\heat_conduction_1d_oop\debug\heat_con.9e33827c.tlog\xilink-link.9568-rc.write.1.tlog
d:\documents\sem5\setki\heat_conduction_1d_oop\heat_conduction_1d_oop\debug\heat_con.9e33827c.tlog\xilink-link.9568.read.1.tlog
d:\documents\sem5\setki\heat_conduction_1d_oop\heat_conduction_1d_oop\debug\heat_con.9e33827c.tlog\xilink-link.9568.read.2.tlog
d:\documents\sem5\setki\heat_conduction_1d_oop\heat_conduction_1d_oop\debug\heat_con.9e33827c.tlog\xilink-link.9568.write.1.tlog
d:\documents\sem5\setki\heat_conduction_1d_oop\heat_conduction_1d_oop\debug\heat_con.9e33827c.tlog\xilink-link.read.1.tlog
d:\documents\sem5\setki\heat_conduction_1d_oop\heat_conduction_1d_oop\debug\heat_con.9e33827c.tlog\xilink-link.read.2.tlog
d:\documents\sem5\setki\heat_conduction_1d_oop\heat_conduction_1d_oop\debug\heat_con.9e33827c.tlog\xilink-link.write.1.tlog
d:\documents\sem5\setki\heat_conduction_1d_oop\heat_conduction_1d_oop\debug\heat_con.9e33827c.tlog\xilink-mcpcom.read.1.tlog
d:\documents\sem5\setki\heat_conduction_1d_oop\heat_conduction_1d_oop\debug\heat_con.9e33827c.tlog\xilink-mcpcom.write.1.tlog
d:\documents\sem5\setki\heat_conduction_1d_oop\heat_conduction_1d_oop\debug\heat_con.9e33827c.tlog\xilink.command.1.tlog
d:\documents\sem5\setki\heat_conduction_1d_oop\heat_conduction_1d_oop\debug\heat_con.9e33827c.tlog\xilink.read.1.tlog
d:\documents\sem5\setki\heat_conduction_1d_oop\heat_conduction_1d_oop\debug\heat_con.9e33827c.tlog\xilink.write.1.tlog
