c:\users\kseniya\appdata\local\temp\irmagent.log
d:\documents\sem5\setki\heat_conduction_1d_oop\heat_conduction_1d_oop\release\heat_con.9e33827c.tlog\icl-intelremotemonserver-intelremotemonagent-intelremotemonagent2.read.1.tlog
c:\users\kseniya\appdata\local\microsoft\clr_v2.0\usagelogs\intelremotemonagent2.exe.log
d:\documents\sem5\setki\heat_conduction_1d_oop\heat_conduction_1d_oop\release\heatequation.obj
d:\documents\sem5\setki\heat_conduction_1d_oop\heat_conduction_1d_oop\release\main.obj
d:\documents\sem5\setki\heat_conduction_1d_oop\heat_conduction_1d_oop\release\matrixdiag.obj
c:\users\kseniya\appdata\local\temp\lnk{3ddc88ae-f532-45b6-b003-47176e70866a}.tmp
c:\users\kseniya\appdata\local\temp\lnk{673e8d63-4fd0-4ecb-b3a1-0cdb033ec6e2}.tmp
d:\documents\sem5\setki\heat_conduction_1d_oop\heat_conduction_1d_oop\release\heat_conduction_1d_oop.pdb
d:\documents\sem5\setki\heat_conduction_1d_oop\heat_conduction_1d_oop\release\heat_con.9e33827c.tlog\icl-intelremotemonserver-intelremotemonagent-intelremotemonagent2.write.1.tlog
d:\documents\sem5\setki\heat_conduction_1d_oop\heat_conduction_1d_oop\release\heat_con.9e33827c.tlog\icl-intelremotemonserver-intelremotemonagent.read.1.tlog
d:\documents\sem5\setki\heat_conduction_1d_oop\heat_conduction_1d_oop\release\heat_con.9e33827c.tlog\icl-intelremotemonserver-intelremotemonagent.read.2.tlog
d:\documents\sem5\setki\heat_conduction_1d_oop\heat_conduction_1d_oop\release\heat_con.9e33827c.tlog\icl-intelremotemonserver.read.1.tlog
d:\documents\sem5\setki\heat_conduction_1d_oop\heat_conduction_1d_oop\release\heat_con.9e33827c.tlog\icl-intelremotemonserver.read.2.tlog
d:\documents\sem5\setki\heat_conduction_1d_oop\heat_conduction_1d_oop\release\heat_con.9e33827c.tlog\icl-intelremotemonserver.read.32.tlog
d:\documents\sem5\setki\heat_conduction_1d_oop\heat_conduction_1d_oop\release\heat_con.9e33827c.tlog\icl-intelremotemonserver.write.2.tlog
d:\documents\sem5\setki\heat_conduction_1d_oop\heat_conduction_1d_oop\release\heat_con.9e33827c.tlog\icl-mcpcom.read.1.tlog
d:\documents\sem5\setki\heat_conduction_1d_oop\heat_conduction_1d_oop\release\heat_con.9e33827c.tlog\icl-mcpcom.write.1.tlog
d:\documents\sem5\setki\heat_conduction_1d_oop\heat_conduction_1d_oop\release\heat_con.9e33827c.tlog\icl.command.1.tlog
d:\documents\sem5\setki\heat_conduction_1d_oop\heat_conduction_1d_oop\release\heat_con.9e33827c.tlog\icl.read.1.tlog
d:\documents\sem5\setki\heat_conduction_1d_oop\heat_conduction_1d_oop\release\heat_con.9e33827c.tlog\icl.write.1.tlog
d:\documents\sem5\setki\heat_conduction_1d_oop\heat_conduction_1d_oop\release\heat_con.9e33827c.tlog\xilink-link-cvtres.read.1.tlog
d:\documents\sem5\setki\heat_conduction_1d_oop\heat_conduction_1d_oop\release\heat_con.9e33827c.tlog\xilink-link-cvtres.write.1.tlog
d:\documents\sem5\setki\heat_conduction_1d_oop\heat_conduction_1d_oop\release\heat_con.9e33827c.tlog\xilink-link-rc.read.1.tlog
d:\documents\sem5\setki\heat_conduction_1d_oop\heat_conduction_1d_oop\release\heat_con.9e33827c.tlog\xilink-link-rc.write.1.tlog
d:\documents\sem5\setki\heat_conduction_1d_oop\heat_conduction_1d_oop\release\heat_con.9e33827c.tlog\xilink-link.read.1.tlog
d:\documents\sem5\setki\heat_conduction_1d_oop\heat_conduction_1d_oop\release\heat_con.9e33827c.tlog\xilink-link.write.1.tlog
d:\documents\sem5\setki\heat_conduction_1d_oop\heat_conduction_1d_oop\release\heat_con.9e33827c.tlog\xilink-mcpcom.read.1.tlog
d:\documents\sem5\setki\heat_conduction_1d_oop\heat_conduction_1d_oop\release\heat_con.9e33827c.tlog\xilink-mcpcom.write.1.tlog
d:\documents\sem5\setki\heat_conduction_1d_oop\heat_conduction_1d_oop\release\heat_con.9e33827c.tlog\xilink.command.1.tlog
d:\documents\sem5\setki\heat_conduction_1d_oop\heat_conduction_1d_oop\release\heat_con.9e33827c.tlog\xilink.read.1.tlog
d:\documents\sem5\setki\heat_conduction_1d_oop\heat_conduction_1d_oop\release\heat_con.9e33827c.tlog\xilink.write.1.tlog
